<?xml version="1.0" encoding="UTF-8"?>
<!-- Generated by org.testng.reporters.JUnitReportReporter -->
<testsuite name="testscripts.TC_001" tests="5" time="21.957" ignored="0" failures="0" timestamp="18 Apr 2018 17:32:27 GMT" skipped="0" hostname="Rajesh" errors="0">
  <testcase name="verifyUpdateCountry" time="0.003" classname="testscripts.TC_001"/>
  <testcase name="verifyAddCountry" time="0.239" classname="testscripts.TC_001"/>
  <testcase name="verifyGetCountries" time="0.170" classname="testscripts.TC_001"/>
  <testcase name="verifyDeleteCountry" time="0.003" classname="testscripts.TC_001"/>
  <testcase name="verifyAddCountry" time="21.542" classname="testscripts.TC_001"/>
</testsuite> <!-- testscripts.TC_001 -->
