<?xml version="1.0" encoding="UTF-8"?>
<!-- Generated by org.testng.reporters.JUnitReportReporter -->
<testsuite name="demo.Test1_BasicFeature" tests="1" time="3.375" ignored="0" failures="0" timestamp="18 Feb 2018 06:12:42 GMT" skipped="0" hostname="Rajesh" errors="0">
  <testcase name="test" time="3.375" classname="demo.Test1_BasicFeature"/>
</testsuite> <!-- demo.Test1_BasicFeature -->
